<?xml version="1.0" encoding="UTF-8"?>
<testng-results ignored="0" total="4" passed="3" failed="1" skipped="0">
  <reporter-output>
  </reporter-output>
  <suite started-at="2024-04-14T10:03:50 CDT" name="Suite" finished-at="2024-04-14T10:05:57 CDT" duration-ms="126133">
    <groups>
      <group name="regression">
        <method signature="AddCustomerTest.userShouldBeAbleToAddCustomer()[pri:0, instance:test.AddCustomerTest@18df8434]" name="userShouldBeAbleToAddCustomer" class="test.AddCustomerTest"/>
        <method signature="LoginTest.regressionTest()[pri:0, instance:test.LoginTest@4659191b]" name="regressionTest" class="test.LoginTest"/>
        <method signature="LoginTest.validUserShouldBeAbleToLogin()[pri:0, instance:test.LoginTest@4659191b]" name="validUserShouldBeAbleToLogin" class="test.LoginTest"/>
        <method signature="LoginTest.validateAlertMessages()[pri:0, instance:test.LoginTest@4659191b]" name="validateAlertMessages" class="test.LoginTest"/>
      </group> <!-- regression -->
      <group name="smoke">
        <method signature="LoginTest.validUserShouldBeAbleToLogin()[pri:0, instance:test.LoginTest@4659191b]" name="validUserShouldBeAbleToLogin" class="test.LoginTest"/>
      </group> <!-- smoke -->
    </groups>
    <test started-at="2024-04-14T10:03:50 CDT" name="Test" finished-at="2024-04-14T10:05:57 CDT" duration-ms="126133">
      <class name="test.AddCustomerTest">
        <test-method is-config="true" signature="readJson()[pri:0, instance:test.AddCustomerTest@18df8434]" started-at="2024-04-14T10:04:05 CDT" name="readJson" finished-at="2024-04-14T10:04:05 CDT" duration-ms="1" status="PASS">
          <reporter-output>
          </reporter-output>
        </test-method> <!-- readJson -->
        <test-method signature="userShouldBeAbleToAddCustomer()[pri:0, instance:test.AddCustomerTest@18df8434]" started-at="2024-04-14T10:04:05 CDT" name="userShouldBeAbleToAddCustomer" finished-at="2024-04-14T10:05:57 CDT" duration-ms="111458" status="FAIL">
          <exception class="org.openqa.selenium.ElementNotInteractableException">
            <message>
              <![CDATA[element not interactable
  (Session info: chrome=123.0.6312.122)
Build info: version: '3.141.59', revision: 'e82be7d358', time: '2018-11-14T08:17:03'
System info: host: 'DESKTOP-HOF3APB', ip: '10.0.0.11', os.name: 'Windows 11', os.arch: 'amd64', os.version: '10.0', java.version: '11.0.20'
Driver info: org.openqa.selenium.chrome.ChromeDriver
Capabilities {acceptInsecureCerts: false, browserName: chrome, browserVersion: 123.0.6312.122, chrome: {chromedriverVersion: 122.0.6261.111 (9d4c1072da6..., userDataDir: C:\Users\Shihab\AppData\Loc...}, fedcm:accounts: true, goog:chromeOptions: {debuggerAddress: localhost:55246}, javascriptEnabled: true, networkConnectionEnabled: false, pageLoadStrategy: normal, platform: WINDOWS, platformName: WINDOWS, proxy: Proxy(), setWindowRect: true, strictFileInteractability: false, timeouts: {implicit: 0, pageLoad: 300000, script: 30000}, unhandledPromptBehavior: dismiss and notify, webauthn:extension:credBlob: true, webauthn:extension:largeBlob: true, webauthn:extension:minPinLength: true, webauthn:extension:prf: true, webauthn:virtualAuthenticators: true}
Session ID: 85bfcb39e547e0f9e616076624c4e747]]>
            </message>
            <full-stacktrace>
              <![CDATA[org.openqa.selenium.ElementNotInteractableException: element not interactable
  (Session info: chrome=123.0.6312.122)
Build info: version: '3.141.59', revision: 'e82be7d358', time: '2018-11-14T08:17:03'
System info: host: 'DESKTOP-HOF3APB', ip: '10.0.0.11', os.name: 'Windows 11', os.arch: 'amd64', os.version: '10.0', java.version: '11.0.20'
Driver info: org.openqa.selenium.chrome.ChromeDriver
Capabilities {acceptInsecureCerts: false, browserName: chrome, browserVersion: 123.0.6312.122, chrome: {chromedriverVersion: 122.0.6261.111 (9d4c1072da6..., userDataDir: C:\Users\Shihab\AppData\Loc...}, fedcm:accounts: true, goog:chromeOptions: {debuggerAddress: localhost:55246}, javascriptEnabled: true, networkConnectionEnabled: false, pageLoadStrategy: normal, platform: WINDOWS, platformName: WINDOWS, proxy: Proxy(), setWindowRect: true, strictFileInteractability: false, timeouts: {implicit: 0, pageLoad: 300000, script: 30000}, unhandledPromptBehavior: dismiss and notify, webauthn:extension:credBlob: true, webauthn:extension:largeBlob: true, webauthn:extension:minPinLength: true, webauthn:extension:prf: true, webauthn:virtualAuthenticators: true}
Session ID: 85bfcb39e547e0f9e616076624c4e747
at java.base/jdk.internal.reflect.NativeConstructorAccessorImpl.newInstance0(Native Method)
at java.base/jdk.internal.reflect.NativeConstructorAccessorImpl.newInstance(NativeConstructorAccessorImpl.java:62)
at java.base/jdk.internal.reflect.DelegatingConstructorAccessorImpl.newInstance(DelegatingConstructorAccessorImpl.java:45)
at java.base/java.lang.reflect.Constructor.newInstance(Constructor.java:490)
at org.openqa.selenium.remote.http.W3CHttpResponseCodec.createException(W3CHttpResponseCodec.java:187)
at org.openqa.selenium.remote.http.W3CHttpResponseCodec.decode(W3CHttpResponseCodec.java:122)
at org.openqa.selenium.remote.http.W3CHttpResponseCodec.decode(W3CHttpResponseCodec.java:49)
at org.openqa.selenium.remote.HttpCommandExecutor.execute(HttpCommandExecutor.java:158)
at org.openqa.selenium.remote.service.DriverCommandExecutor.execute(DriverCommandExecutor.java:83)
at org.openqa.selenium.remote.RemoteWebDriver.execute(RemoteWebDriver.java:552)
at org.openqa.selenium.remote.RemoteWebElement.execute(RemoteWebElement.java:285)
at org.openqa.selenium.remote.RemoteWebElement.click(RemoteWebElement.java:84)
at page.AddCustomerPage.validateInsertedNameAndDelete(AddCustomerPage.java:100)
at test.AddCustomerTest.userShouldBeAbleToAddCustomer(AddCustomerTest.java:63)
at java.base/jdk.internal.reflect.NativeMethodAccessorImpl.invoke0(Native Method)
at java.base/jdk.internal.reflect.NativeMethodAccessorImpl.invoke(NativeMethodAccessorImpl.java:62)
at java.base/jdk.internal.reflect.DelegatingMethodAccessorImpl.invoke(DelegatingMethodAccessorImpl.java:43)
at java.base/java.lang.reflect.Method.invoke(Method.java:566)
at org.testng.internal.invokers.MethodInvocationHelper.invokeMethod(MethodInvocationHelper.java:139)
at org.testng.internal.invokers.TestInvoker.invokeMethod(TestInvoker.java:664)
at org.testng.internal.invokers.TestInvoker.invokeTestMethod(TestInvoker.java:227)
at org.testng.internal.invokers.MethodRunner.runInSequence(MethodRunner.java:50)
at org.testng.internal.invokers.TestInvoker$MethodInvocationAgent.invoke(TestInvoker.java:957)
at org.testng.internal.invokers.TestInvoker.invokeTestMethods(TestInvoker.java:200)
at org.testng.internal.invokers.TestMethodWorker.invokeTestMethods(TestMethodWorker.java:148)
at org.testng.internal.invokers.TestMethodWorker.run(TestMethodWorker.java:128)
at java.base/java.util.ArrayList.forEach(ArrayList.java:1541)
at org.testng.TestRunner.privateRun(TestRunner.java:848)
at org.testng.TestRunner.run(TestRunner.java:621)
at org.testng.SuiteRunner.runTest(SuiteRunner.java:443)
at org.testng.SuiteRunner.runSequentially(SuiteRunner.java:437)
at org.testng.SuiteRunner.privateRun(SuiteRunner.java:397)
at org.testng.SuiteRunner.run(SuiteRunner.java:336)
at org.testng.SuiteRunnerWorker.runSuite(SuiteRunnerWorker.java:52)
at org.testng.SuiteRunnerWorker.run(SuiteRunnerWorker.java:95)
at org.testng.TestNG.runSuitesSequentially(TestNG.java:1280)
at org.testng.TestNG.runSuitesLocally(TestNG.java:1200)
at org.testng.TestNG.runSuites(TestNG.java:1114)
at org.testng.TestNG.run(TestNG.java:1082)
at org.testng.remote.AbstractRemoteTestNG.run(AbstractRemoteTestNG.java:115)
at org.testng.remote.RemoteTestNG.initAndRun(RemoteTestNG.java:251)
at org.testng.remote.RemoteTestNG.main(RemoteTestNG.java:77)
]]>
            </full-stacktrace>
          </exception> <!-- org.openqa.selenium.ElementNotInteractableException -->
          <reporter-output>
          </reporter-output>
        </test-method> <!-- userShouldBeAbleToAddCustomer -->
      </class> <!-- test.AddCustomerTest -->
      <class name="test.LoginTest">
        <test-method is-config="true" signature="readJson()[pri:0, instance:test.LoginTest@4659191b]" started-at="2024-04-14T10:03:50 CDT" name="readJson" finished-at="2024-04-14T10:03:50 CDT" duration-ms="36" status="PASS">
          <reporter-output>
          </reporter-output>
        </test-method> <!-- readJson -->
        <test-method signature="regressionTest()[pri:0, instance:test.LoginTest@4659191b]" started-at="2024-04-14T10:03:50 CDT" name="regressionTest" finished-at="2024-04-14T10:03:50 CDT" duration-ms="6" status="PASS">
          <reporter-output>
          </reporter-output>
        </test-method> <!-- regressionTest -->
        <test-method is-config="true" signature="readJson()[pri:0, instance:test.LoginTest@4659191b]" started-at="2024-04-14T10:03:51 CDT" name="readJson" finished-at="2024-04-14T10:03:51 CDT" duration-ms="0" status="PASS">
          <reporter-output>
          </reporter-output>
        </test-method> <!-- readJson -->
        <test-method signature="validUserShouldBeAbleToLogin()[pri:0, instance:test.LoginTest@4659191b]" started-at="2024-04-14T10:03:51 CDT" name="validUserShouldBeAbleToLogin" finished-at="2024-04-14T10:04:02 CDT" duration-ms="11811" status="PASS">
          <reporter-output>
          </reporter-output>
        </test-method> <!-- validUserShouldBeAbleToLogin -->
        <test-method is-config="true" signature="readJson()[pri:0, instance:test.LoginTest@4659191b]" started-at="2024-04-14T10:04:02 CDT" name="readJson" finished-at="2024-04-14T10:04:02 CDT" duration-ms="2" status="PASS">
          <reporter-output>
          </reporter-output>
        </test-method> <!-- readJson -->
        <test-method signature="validateAlertMessages()[pri:0, instance:test.LoginTest@4659191b]" started-at="2024-04-14T10:04:02 CDT" name="validateAlertMessages" finished-at="2024-04-14T10:04:05 CDT" duration-ms="2729" status="PASS">
          <reporter-output>
          </reporter-output>
        </test-method> <!-- validateAlertMessages -->
      </class> <!-- test.LoginTest -->
    </test> <!-- Test -->
  </suite> <!-- Suite -->
</testng-results>
